<?xml version="1.0" encoding="UTF-8"?>
<!-- Generated by org.testng.reporters.JUnitXMLReporter -->
<testsuite ignored="0" hostname="VishwanathYadav" failures="0" tests="4" name="Test" time="0.78" errors="0" timestamp="2024-03-06T12:04:17 IST">
  <testcase classname="Data_Provider.TC001" name="readtestdata" time="0.007"/>
  <testcase classname="Data_Provider.TC001" name="readtestdata" time="0.004"/>
  <testcase classname="Data_Provider.TC001" name="readtestdata" time="0.002"/>
  <testcase classname="Data_Provider.TC001" name="readtestdata" time="0.004"/>
</testsuite> <!-- Test -->
