<?xml version="1.0" encoding="UTF-8"?>
<testng-results ignored="0" total="4" passed="4" failed="0" skipped="0">
  <reporter-output>
  </reporter-output>
  <suite started-at="2024-03-06T12:04:17 IST" name="Suite" finished-at="2024-03-06T12:04:17 IST" duration-ms="780">
    <groups>
    </groups>
    <test started-at="2024-03-06T12:04:17 IST" name="Test" finished-at="2024-03-06T12:04:17 IST" duration-ms="780">
      <class name="Data_Provider.TC001">
        <test-method signature="readtestdata(java.lang.String,java.lang.String)[pri:0, instance:Data_Provider.TC001@3f6f6701]" started-at="2024-03-06T12:04:17 IST" name="readtestdata" data-provider="logindata" finished-at="2024-03-06T12:04:17 IST" duration-ms="7" status="PASS">
          <params>
            <param index="0">
              <value>
                <![CDATA[locked_out_user]]>
              </value>
            </param>
            <param index="1">
              <value>
                <![CDATA[123456]]>
              </value>
            </param>
          </params>
          <reporter-output>
          </reporter-output>
        </test-method> <!-- readtestdata -->
        <test-method signature="readtestdata(java.lang.String,java.lang.String)[pri:0, instance:Data_Provider.TC001@3f6f6701]" started-at="2024-03-06T12:04:17 IST" name="readtestdata" data-provider="logindata" finished-at="2024-03-06T12:04:17 IST" duration-ms="4" status="PASS">
          <params>
            <param index="0">
              <value>
                <![CDATA[problem_user]]>
              </value>
            </param>
            <param index="1">
              <value>
                <![CDATA[123456]]>
              </value>
            </param>
          </params>
          <reporter-output>
          </reporter-output>
        </test-method> <!-- readtestdata -->
        <test-method signature="readtestdata(java.lang.String,java.lang.String)[pri:0, instance:Data_Provider.TC001@3f6f6701]" started-at="2024-03-06T12:04:17 IST" name="readtestdata" data-provider="logindata" finished-at="2024-03-06T12:04:17 IST" duration-ms="2" status="PASS">
          <params>
            <param index="0">
              <value>
                <![CDATA[performance_glitch_user]]>
              </value>
            </param>
            <param index="1">
              <value>
                <![CDATA[123456]]>
              </value>
            </param>
          </params>
          <reporter-output>
          </reporter-output>
        </test-method> <!-- readtestdata -->
        <test-method signature="readtestdata(java.lang.String,java.lang.String)[pri:0, instance:Data_Provider.TC001@3f6f6701]" started-at="2024-03-06T12:04:17 IST" name="readtestdata" data-provider="logindata" finished-at="2024-03-06T12:04:17 IST" duration-ms="4" status="PASS">
          <params>
            <param index="0">
              <value>
                <![CDATA[standard_user]]>
              </value>
            </param>
            <param index="1">
              <value>
                <![CDATA[secret_sauce]]>
              </value>
            </param>
          </params>
          <reporter-output>
          </reporter-output>
        </test-method> <!-- readtestdata -->
      </class> <!-- Data_Provider.TC001 -->
    </test> <!-- Test -->
  </suite> <!-- Suite -->
</testng-results>
